<?xml version="1.0" encoding="UTF-8"?>
<!-- Generated by org.testng.reporters.JUnitReportReporter -->
<testsuite skipped="2" hostname="PUN57LAP5001155" name="RestAssuredPractice.RestAssuredPojo" tests="3" failures="0" timestamp="2022-04-05T15:13:39 IST" time="3.383" errors="0">
  <testcase name="getResponceBodyDifferentWay" time="3.383" classname="RestAssuredPractice.RestAssuredPojo"/>
  <system-out/>
  <testcase name="getResponceBody" classname="RestAssuredPractice.RestAssuredPojo">
    <skipped/>
  </testcase> <!-- getResponceBody -->
  <system-out/>
  <testcase name="test1" classname="RestAssuredPractice.RestAssuredPojo">
    <skipped/>
  </testcase> <!-- test1 -->
  <system-out/>
</testsuite> <!-- RestAssuredPractice.RestAssuredPojo -->
