<?xml version="1.0" encoding="UTF-8"?>
<!-- Generated by org.testng.reporters.JUnitReportReporter -->
<testsuite skipped="0" hostname="PUN57LAP5001155" name="RestAssuredPractice.Create_final_Pojo" tests="1" failures="0" timestamp="2022-04-15T12:20:16 IST" time="0.193" errors="0">
  <testcase name="RunFinalPojo" time="0.193" classname="RestAssuredPractice.Create_final_Pojo"/>
  <system-out/>
</testsuite> <!-- RestAssuredPractice.Create_final_Pojo -->
