<?xml version="1.0" encoding="UTF-8"?>
<!-- Generated by org.testng.reporters.JUnitReportReporter -->
<testsuite skipped="0" hostname="PUN57LAP5001155" name="PracticeCode.PracticeCode.TestngTestProgram" tests="1" failures="0" timestamp="2022-05-06T14:46:38 IST" time="0.000" errors="0">
  <testcase name="test1" time="0.000" classname="PracticeCode.PracticeCode.TestngTestProgram"/>
  <system-out/>
</testsuite> <!-- PracticeCode.PracticeCode.TestngTestProgram -->
