<?xml version="1.0" encoding="UTF-8"?>
<!-- Generated by org.testng.reporters.JUnitReportReporter -->
<testsuite skipped="1" hostname="PUN57LAP5001155" name="RestAssuredPractice.PostRequestNewAPI" tests="2" failures="0" timestamp="2022-04-13T19:47:24 IST" time="3.587" errors="0">
  <testcase name="getRequestArlineData" time="3.587" classname="RestAssuredPractice.PostRequestNewAPI"/>
  <system-out/>
  <testcase name="TestPostRequest" classname="RestAssuredPractice.PostRequestNewAPI">
    <skipped/>
  </testcase> <!-- TestPostRequest -->
  <system-out/>
</testsuite> <!-- RestAssuredPractice.PostRequestNewAPI -->
