<?xml version="1.0" encoding="UTF-8"?>
<!-- Generated by org.testng.reporters.JUnitReportReporter -->
<testsuite skipped="0" hostname="PUN57LAP5001155" name="RestAssuredPractice.SerializationTest" tests="1" failures="0" timestamp="2022-04-14T19:18:35 IST" time="5.728" errors="0">
  <testcase name="TestPostRequest" time="5.728" classname="RestAssuredPractice.SerializationTest"/>
  <system-out/>
</testsuite> <!-- RestAssuredPractice.SerializationTest -->
